Performing C++ SOURCE FILE Test COMPILER_SUPPORT_Wshorten64to32 failed with the following output:
Change Dir: /home/mtrix/CarND/T2/P5/work/CarND-MPC-Project/src/Eigen-3.3/cmake-build-debug/CMakeFiles/CMakeTmp

Run Build Command:"/usr/bin/make" "cmTC_7a21a/fast"
/usr/bin/make -f CMakeFiles/cmTC_7a21a.dir/build.make CMakeFiles/cmTC_7a21a.dir/build
make[1]: Entering directory '/home/mtrix/CarND/T2/P5/work/CarND-MPC-Project/src/Eigen-3.3/cmake-build-debug/CMakeFiles/CMakeTmp'
Building CXX object CMakeFiles/cmTC_7a21a.dir/src.cxx.o
/usr/bin/c++     -pedantic -Wall -Wextra -Wundef -Wcast-align -Wchar-subscripts -Wnon-virtual-dtor -Wunused-local-typedefs -Wpointer-arith -Wwrite-strings -Wformat-security -DCOMPILER_SUPPORT_Wshorten64to32 -Werror   -Wshorten-64-to-32 -o CMakeFiles/cmTC_7a21a.dir/src.cxx.o -c /home/mtrix/CarND/T2/P5/work/CarND-MPC-Project/src/Eigen-3.3/cmake-build-debug/CMakeFiles/CMakeTmp/src.cxx
c++: error: unrecognized command line option '-Wshorten-64-to-32'
CMakeFiles/cmTC_7a21a.dir/build.make:65: recipe for target 'CMakeFiles/cmTC_7a21a.dir/src.cxx.o' failed
make[1]: *** [CMakeFiles/cmTC_7a21a.dir/src.cxx.o] Error 1
make[1]: Leaving directory '/home/mtrix/CarND/T2/P5/work/CarND-MPC-Project/src/Eigen-3.3/cmake-build-debug/CMakeFiles/CMakeTmp'
Makefile:126: recipe for target 'cmTC_7a21a/fast' failed
make: *** [cmTC_7a21a/fast] Error 2

Source file was:
int main() { return 0; }
Performing C++ SOURCE FILE Test COMPILER_SUPPORT_Wenumconversion failed with the following output:
Change Dir: /home/mtrix/CarND/T2/P5/work/CarND-MPC-Project/src/Eigen-3.3/cmake-build-debug/CMakeFiles/CMakeTmp

Run Build Command:"/usr/bin/make" "cmTC_19375/fast"
/usr/bin/make -f CMakeFiles/cmTC_19375.dir/build.make CMakeFiles/cmTC_19375.dir/build
make[1]: Entering directory '/home/mtrix/CarND/T2/P5/work/CarND-MPC-Project/src/Eigen-3.3/cmake-build-debug/CMakeFiles/CMakeTmp'
Building CXX object CMakeFiles/cmTC_19375.dir/src.cxx.o
/usr/bin/c++     -pedantic -Wall -Wextra -Wundef -Wcast-align -Wchar-subscripts -Wnon-virtual-dtor -Wunused-local-typedefs -Wpointer-arith -Wwrite-strings -Wformat-security -Wlogical-op -DCOMPILER_SUPPORT_Wenumconversion -Werror   -Wenum-conversion -o CMakeFiles/cmTC_19375.dir/src.cxx.o -c /home/mtrix/CarND/T2/P5/work/CarND-MPC-Project/src/Eigen-3.3/cmake-build-debug/CMakeFiles/CMakeTmp/src.cxx
c++: error: unrecognized command line option '-Wenum-conversion'
CMakeFiles/cmTC_19375.dir/build.make:65: recipe for target 'CMakeFiles/cmTC_19375.dir/src.cxx.o' failed
make[1]: *** [CMakeFiles/cmTC_19375.dir/src.cxx.o] Error 1
make[1]: Leaving directory '/home/mtrix/CarND/T2/P5/work/CarND-MPC-Project/src/Eigen-3.3/cmake-build-debug/CMakeFiles/CMakeTmp'
Makefile:126: recipe for target 'cmTC_19375/fast' failed
make: *** [cmTC_19375/fast] Error 2

Source file was:
int main() { return 0; }
Performing C++ SOURCE FILE Test COMPILER_SUPPORT_Wcpp11extensions failed with the following output:
Change Dir: /home/mtrix/CarND/T2/P5/work/CarND-MPC-Project/src/Eigen-3.3/cmake-build-debug/CMakeFiles/CMakeTmp

Run Build Command:"/usr/bin/make" "cmTC_01df3/fast"
/usr/bin/make -f CMakeFiles/cmTC_01df3.dir/build.make CMakeFiles/cmTC_01df3.dir/build
make[1]: Entering directory '/home/mtrix/CarND/T2/P5/work/CarND-MPC-Project/src/Eigen-3.3/cmake-build-debug/CMakeFiles/CMakeTmp'
Building CXX object CMakeFiles/cmTC_01df3.dir/src.cxx.o
/usr/bin/c++     -pedantic -Wall -Wextra -Wundef -Wcast-align -Wchar-subscripts -Wnon-virtual-dtor -Wunused-local-typedefs -Wpointer-arith -Wwrite-strings -Wformat-security -Wlogical-op -DCOMPILER_SUPPORT_Wcpp11extensions -Werror   -Wc++11-extensions -o CMakeFiles/cmTC_01df3.dir/src.cxx.o -c /home/mtrix/CarND/T2/P5/work/CarND-MPC-Project/src/Eigen-3.3/cmake-build-debug/CMakeFiles/CMakeTmp/src.cxx
c++: error: unrecognized command line option '-Wc++11-extensions'
CMakeFiles/cmTC_01df3.dir/build.make:65: recipe for target 'CMakeFiles/cmTC_01df3.dir/src.cxx.o' failed
make[1]: *** [CMakeFiles/cmTC_01df3.dir/src.cxx.o] Error 1
make[1]: Leaving directory '/home/mtrix/CarND/T2/P5/work/CarND-MPC-Project/src/Eigen-3.3/cmake-build-debug/CMakeFiles/CMakeTmp'
Makefile:126: recipe for target 'cmTC_01df3/fast' failed
make: *** [cmTC_01df3/fast] Error 2

Source file was:
int main() { return 0; }
Performing C++ SOURCE FILE Test COMPILER_SUPPORT_wd981 failed with the following output:
Change Dir: /home/mtrix/CarND/T2/P5/work/CarND-MPC-Project/src/Eigen-3.3/cmake-build-debug/CMakeFiles/CMakeTmp

Run Build Command:"/usr/bin/make" "cmTC_95cb8/fast"
/usr/bin/make -f CMakeFiles/cmTC_95cb8.dir/build.make CMakeFiles/cmTC_95cb8.dir/build
make[1]: Entering directory '/home/mtrix/CarND/T2/P5/work/CarND-MPC-Project/src/Eigen-3.3/cmake-build-debug/CMakeFiles/CMakeTmp'
Building CXX object CMakeFiles/cmTC_95cb8.dir/src.cxx.o
/usr/bin/c++     -pedantic -Wall -Wextra -Wundef -Wcast-align -Wchar-subscripts -Wnon-virtual-dtor -Wunused-local-typedefs -Wpointer-arith -Wwrite-strings -Wformat-security -Wlogical-op -Wdouble-promotion -Wno-psabi -Wno-variadic-macros -Wno-long-long -fno-check-new -fno-common -fstrict-aliasing -DCOMPILER_SUPPORT_wd981 -Werror   -wd981 -o CMakeFiles/cmTC_95cb8.dir/src.cxx.o -c /home/mtrix/CarND/T2/P5/work/CarND-MPC-Project/src/Eigen-3.3/cmake-build-debug/CMakeFiles/CMakeTmp/src.cxx
c++: error: unrecognized command line option '-wd981'
CMakeFiles/cmTC_95cb8.dir/build.make:65: recipe for target 'CMakeFiles/cmTC_95cb8.dir/src.cxx.o' failed
make[1]: *** [CMakeFiles/cmTC_95cb8.dir/src.cxx.o] Error 1
make[1]: Leaving directory '/home/mtrix/CarND/T2/P5/work/CarND-MPC-Project/src/Eigen-3.3/cmake-build-debug/CMakeFiles/CMakeTmp'
Makefile:126: recipe for target 'cmTC_95cb8/fast' failed
make: *** [cmTC_95cb8/fast] Error 2

Source file was:
int main() { return 0; }
Performing C++ SOURCE FILE Test COMPILER_SUPPORT_wd2304 failed with the following output:
Change Dir: /home/mtrix/CarND/T2/P5/work/CarND-MPC-Project/src/Eigen-3.3/cmake-build-debug/CMakeFiles/CMakeTmp

Run Build Command:"/usr/bin/make" "cmTC_c1061/fast"
/usr/bin/make -f CMakeFiles/cmTC_c1061.dir/build.make CMakeFiles/cmTC_c1061.dir/build
make[1]: Entering directory '/home/mtrix/CarND/T2/P5/work/CarND-MPC-Project/src/Eigen-3.3/cmake-build-debug/CMakeFiles/CMakeTmp'
Building CXX object CMakeFiles/cmTC_c1061.dir/src.cxx.o
/usr/bin/c++     -pedantic -Wall -Wextra -Wundef -Wcast-align -Wchar-subscripts -Wnon-virtual-dtor -Wunused-local-typedefs -Wpointer-arith -Wwrite-strings -Wformat-security -Wlogical-op -Wdouble-promotion -Wno-psabi -Wno-variadic-macros -Wno-long-long -fno-check-new -fno-common -fstrict-aliasing -DCOMPILER_SUPPORT_wd2304 -Werror   -wd2304 -o CMakeFiles/cmTC_c1061.dir/src.cxx.o -c /home/mtrix/CarND/T2/P5/work/CarND-MPC-Project/src/Eigen-3.3/cmake-build-debug/CMakeFiles/CMakeTmp/src.cxx
c++: error: unrecognized command line option '-wd2304'
CMakeFiles/cmTC_c1061.dir/build.make:65: recipe for target 'CMakeFiles/cmTC_c1061.dir/src.cxx.o' failed
make[1]: *** [CMakeFiles/cmTC_c1061.dir/src.cxx.o] Error 1
make[1]: Leaving directory '/home/mtrix/CarND/T2/P5/work/CarND-MPC-Project/src/Eigen-3.3/cmake-build-debug/CMakeFiles/CMakeTmp'
Makefile:126: recipe for target 'cmTC_c1061/fast' failed
make: *** [cmTC_c1061/fast] Error 2

Source file was:
int main() { return 0; }
Performing C++ SOURCE FILE Test COMPILER_SUPPORT_STRICTANSI failed with the following output:
Change Dir: /home/mtrix/CarND/T2/P5/work/CarND-MPC-Project/src/Eigen-3.3/cmake-build-debug/CMakeFiles/CMakeTmp

Run Build Command:"/usr/bin/make" "cmTC_a23d8/fast"
/usr/bin/make -f CMakeFiles/cmTC_a23d8.dir/build.make CMakeFiles/cmTC_a23d8.dir/build
make[1]: Entering directory '/home/mtrix/CarND/T2/P5/work/CarND-MPC-Project/src/Eigen-3.3/cmake-build-debug/CMakeFiles/CMakeTmp'
Building CXX object CMakeFiles/cmTC_a23d8.dir/src.cxx.o
/usr/bin/c++     -pedantic -Wall -Wextra -Wundef -Wcast-align -Wchar-subscripts -Wnon-virtual-dtor -Wunused-local-typedefs -Wpointer-arith -Wwrite-strings -Wformat-security -Wlogical-op -Wdouble-promotion -Wno-psabi -Wno-variadic-macros -Wno-long-long -fno-check-new -fno-common -fstrict-aliasing -DCOMPILER_SUPPORT_STRICTANSI -Werror   -strict-ansi -o CMakeFiles/cmTC_a23d8.dir/src.cxx.o -c /home/mtrix/CarND/T2/P5/work/CarND-MPC-Project/src/Eigen-3.3/cmake-build-debug/CMakeFiles/CMakeTmp/src.cxx
c++: error: unrecognized command line option '-strict-ansi'
CMakeFiles/cmTC_a23d8.dir/build.make:65: recipe for target 'CMakeFiles/cmTC_a23d8.dir/src.cxx.o' failed
make[1]: *** [CMakeFiles/cmTC_a23d8.dir/src.cxx.o] Error 1
make[1]: Leaving directory '/home/mtrix/CarND/T2/P5/work/CarND-MPC-Project/src/Eigen-3.3/cmake-build-debug/CMakeFiles/CMakeTmp'
Makefile:126: recipe for target 'cmTC_a23d8/fast' failed
make: *** [cmTC_a23d8/fast] Error 2

Source file was:
int main() { return 0; }
Performing C++ SOURCE FILE Test COMPILER_SUPPORT_Qunusedarguments failed with the following output:
Change Dir: /home/mtrix/CarND/T2/P5/work/CarND-MPC-Project/src/Eigen-3.3/cmake-build-debug/CMakeFiles/CMakeTmp

Run Build Command:"/usr/bin/make" "cmTC_bd6fc/fast"
/usr/bin/make -f CMakeFiles/cmTC_bd6fc.dir/build.make CMakeFiles/cmTC_bd6fc.dir/build
make[1]: Entering directory '/home/mtrix/CarND/T2/P5/work/CarND-MPC-Project/src/Eigen-3.3/cmake-build-debug/CMakeFiles/CMakeTmp'
Building CXX object CMakeFiles/cmTC_bd6fc.dir/src.cxx.o
/usr/bin/c++     -pedantic -Wall -Wextra -Wundef -Wcast-align -Wchar-subscripts -Wnon-virtual-dtor -Wunused-local-typedefs -Wpointer-arith -Wwrite-strings -Wformat-security -Wlogical-op -Wdouble-promotion -Wno-psabi -Wno-variadic-macros -Wno-long-long -fno-check-new -fno-common -fstrict-aliasing -DCOMPILER_SUPPORT_Qunusedarguments -Werror   -Qunused-arguments -o CMakeFiles/cmTC_bd6fc.dir/src.cxx.o -c /home/mtrix/CarND/T2/P5/work/CarND-MPC-Project/src/Eigen-3.3/cmake-build-debug/CMakeFiles/CMakeTmp/src.cxx
c++: error: unrecognized command line option '-Qunused-arguments'
CMakeFiles/cmTC_bd6fc.dir/build.make:65: recipe for target 'CMakeFiles/cmTC_bd6fc.dir/src.cxx.o' failed
make[1]: *** [CMakeFiles/cmTC_bd6fc.dir/src.cxx.o] Error 1
make[1]: Leaving directory '/home/mtrix/CarND/T2/P5/work/CarND-MPC-Project/src/Eigen-3.3/cmake-build-debug/CMakeFiles/CMakeTmp'
Makefile:126: recipe for target 'cmTC_bd6fc/fast' failed
make: *** [cmTC_bd6fc/fast] Error 2

Source file was:
int main() { return 0; }
Determining if the pthread_create exist failed with the following output:
Change Dir: /home/mtrix/CarND/T2/P5/work/CarND-MPC-Project/src/Eigen-3.3/cmake-build-debug/CMakeFiles/CMakeTmp

Run Build Command:"/usr/bin/make" "cmTC_ac571/fast"
/usr/bin/make -f CMakeFiles/cmTC_ac571.dir/build.make CMakeFiles/cmTC_ac571.dir/build
make[1]: Entering directory '/home/mtrix/CarND/T2/P5/work/CarND-MPC-Project/src/Eigen-3.3/cmake-build-debug/CMakeFiles/CMakeTmp'
Building C object CMakeFiles/cmTC_ac571.dir/CheckSymbolExists.c.o
/usr/bin/cc     -o CMakeFiles/cmTC_ac571.dir/CheckSymbolExists.c.o   -c /home/mtrix/CarND/T2/P5/work/CarND-MPC-Project/src/Eigen-3.3/cmake-build-debug/CMakeFiles/CMakeTmp/CheckSymbolExists.c
Linking C executable cmTC_ac571
/opt/clion-2017.1.3/bin/cmake/bin/cmake -E cmake_link_script CMakeFiles/cmTC_ac571.dir/link.txt --verbose=1
/usr/bin/cc       CMakeFiles/cmTC_ac571.dir/CheckSymbolExists.c.o  -o cmTC_ac571 -rdynamic 
CMakeFiles/cmTC_ac571.dir/CheckSymbolExists.c.o: In function `main':
CheckSymbolExists.c:(.text+0x16): undefined reference to `pthread_create'
collect2: error: ld returned 1 exit status
CMakeFiles/cmTC_ac571.dir/build.make:97: recipe for target 'cmTC_ac571' failed
make[1]: *** [cmTC_ac571] Error 1
make[1]: Leaving directory '/home/mtrix/CarND/T2/P5/work/CarND-MPC-Project/src/Eigen-3.3/cmake-build-debug/CMakeFiles/CMakeTmp'
Makefile:126: recipe for target 'cmTC_ac571/fast' failed
make: *** [cmTC_ac571/fast] Error 2

File /home/mtrix/CarND/T2/P5/work/CarND-MPC-Project/src/Eigen-3.3/cmake-build-debug/CMakeFiles/CMakeTmp/CheckSymbolExists.c:
/* */
#include <pthread.h>

int main(int argc, char** argv)
{
  (void)argv;
#ifndef pthread_create
  return ((int*)(&pthread_create))[argc];
#else
  (void)argc;
  return 0;
#endif
}

Determining if the function pthread_create exists in the pthreads failed with the following output:
Change Dir: /home/mtrix/CarND/T2/P5/work/CarND-MPC-Project/src/Eigen-3.3/cmake-build-debug/CMakeFiles/CMakeTmp

Run Build Command:"/usr/bin/make" "cmTC_cf66c/fast"
/usr/bin/make -f CMakeFiles/cmTC_cf66c.dir/build.make CMakeFiles/cmTC_cf66c.dir/build
make[1]: Entering directory '/home/mtrix/CarND/T2/P5/work/CarND-MPC-Project/src/Eigen-3.3/cmake-build-debug/CMakeFiles/CMakeTmp'
Building C object CMakeFiles/cmTC_cf66c.dir/CheckFunctionExists.c.o
/usr/bin/cc    -DCHECK_FUNCTION_EXISTS=pthread_create   -o CMakeFiles/cmTC_cf66c.dir/CheckFunctionExists.c.o   -c /opt/clion-2017.1.3/bin/cmake/share/cmake-3.7/Modules/CheckFunctionExists.c
Linking C executable cmTC_cf66c
/opt/clion-2017.1.3/bin/cmake/bin/cmake -E cmake_link_script CMakeFiles/cmTC_cf66c.dir/link.txt --verbose=1
/usr/bin/cc   -DCHECK_FUNCTION_EXISTS=pthread_create    CMakeFiles/cmTC_cf66c.dir/CheckFunctionExists.c.o  -o cmTC_cf66c -rdynamic -lpthreads 
/usr/bin/ld: cannot find -lpthreads
collect2: error: ld returned 1 exit status
CMakeFiles/cmTC_cf66c.dir/build.make:97: recipe for target 'cmTC_cf66c' failed
make[1]: *** [cmTC_cf66c] Error 1
make[1]: Leaving directory '/home/mtrix/CarND/T2/P5/work/CarND-MPC-Project/src/Eigen-3.3/cmake-build-debug/CMakeFiles/CMakeTmp'
Makefile:126: recipe for target 'cmTC_cf66c/fast' failed
make: *** [cmTC_cf66c/fast] Error 2


